<?xml version="1.0" encoding="UTF-8"?>
<!-- Generated by org.testng.reporters.JUnitXMLReporter -->
<testsuite ignored="0" hostname="LAPTOP-ENKKSIDV" failures="0" tests="1" name="Register and Login" time="0.02" errors="0" timestamp="2025-03-17T20:58:14 IST">
  <testcase classname="io.cucumber.testng.AbstractTestNGCucumberTests" name="@BeforeClass setUpClass" time="0.005">
    <failure type="java.lang.IllegalArgumentException" message="Couldn&amp;apos;t create parent directories of &amp;apos;C:\Users\Pooja Kirubanandan\eclipse-workspace\CapstoneProject\target\cucumber-reports\registerandlogin.html&amp;apos;.
Make sure the the parent directory &amp;apos;C:\Users\Pooja Kirubanandan\eclipse-workspace\CapstoneProject\target\cucumber-reports&amp;apos; isn&amp;apos;t a file.

Note: This usually happens when plugins write to colliding paths.
For example: &amp;apos;html:target/cucumber, json:target/cucumber/report.json&amp;apos;
You can fix this by making the paths do no collide.
For example: &amp;apos;html:target/cucumber/report.html, json:target/cucumber/report.json&amp;apos;
The details are in the stack trace below:">
      <![CDATA[java.lang.IllegalArgumentException: Couldn't create parent directories of 'C:\Users\Pooja Kirubanandan\eclipse-workspace\CapstoneProject\target\cucumber-reports\registerandlogin.html'.
Make sure the the parent directory 'C:\Users\Pooja Kirubanandan\eclipse-workspace\CapstoneProject\target\cucumber-reports' isn't a file.

Note: This usually happens when plugins write to colliding paths.
For example: 'html:target/cucumber, json:target/cucumber/report.json'
You can fix this by making the paths do no collide.
For example: 'html:target/cucumber/report.html, json:target/cucumber/report.json'
The details are in the stack trace below:
at io.cucumber.core.plugin.PluginFactory.createFileOutputStream(PluginFactory.java:222)
at io.cucumber.core.plugin.PluginFactory.openStream(PluginFactory.java:199)
at io.cucumber.core.plugin.PluginFactory.convert(PluginFactory.java:166)
at io.cucumber.core.plugin.PluginFactory.instantiate(PluginFactory.java:99)
at io.cucumber.core.plugin.PluginFactory.create(PluginFactory.java:63)
at io.cucumber.core.plugin.Plugins.createPlugins(Plugins.java:32)
at io.cucumber.core.plugin.Plugins.<init>(Plugins.java:25)
at io.cucumber.testng.TestNGCucumberRunner.<init>(TestNGCucumberRunner.java:108)
at io.cucumber.testng.AbstractTestNGCucumberTests.setUpClass(AbstractTestNGCucumberTests.java:27)
at java.base/java.util.concurrent.ThreadPoolExecutor.runWorker(ThreadPoolExecutor.java:1144)
at java.base/java.util.concurrent.ThreadPoolExecutor$Worker.run(ThreadPoolExecutor.java:642)
at java.base/java.lang.Thread.run(Thread.java:1583)
Caused by: java.nio.file.FileAlreadyExistsException: C:\Users\Pooja Kirubanandan\eclipse-workspace\CapstoneProject\target\cucumber-reports
at java.base/sun.nio.fs.WindowsException.translateToIOException(WindowsException.java:87)
at java.base/sun.nio.fs.WindowsException.rethrowAsIOException(WindowsException.java:103)
at java.base/sun.nio.fs.WindowsException.rethrowAsIOException(WindowsException.java:108)
at java.base/sun.nio.fs.WindowsFileSystemProvider.createDirectory(WindowsFileSystemProvider.java:527)
at java.base/java.nio.file.Files.createDirectory(Files.java:699)
at java.base/java.nio.file.Files.createAndCheckIsDirectory(Files.java:807)
at java.base/java.nio.file.Files.createDirectories(Files.java:752)
at io.cucumber.core.plugin.PluginFactory.createFileOutputStream(PluginFactory.java:218)
... 19 more
... Removed 8 stack frames]]>
    </failure>
  </testcase> <!-- @BeforeClass setUpClass -->
  <testcase classname="test.RegisterAndLoginTest" name="sampleTest" time="0.0">
    <skipped/>
  </testcase> <!-- sampleTest -->
</testsuite> <!-- Register and Login -->
